<?xml version="1.0" encoding="UTF-8"?>
<!-- Generated by org.testng.reporters.JUnitReportReporter -->
<testsuite hostname="user25" failures="0" tests="1" name="testScripts.GooglePageTest" time="10.905" errors="0" timestamp="2024-10-29T11:17:37 IST" skipped="0">
  <testcase classname="testScripts.GooglePageTest" name="searchJavaTest" time="10.905"/>
  <system-out/>
</testsuite> <!-- testScripts.GooglePageTest -->
