<?xml version="1.0" encoding="UTF-8"?>
<!-- Generated by org.testng.reporters.JUnitReportReporter -->
<testsuite hostname="user25" failures="0" tests="1" name="testScripts.LocatorTest" time="25.956" errors="0" timestamp="2024-11-08T09:58:57 IST" skipped="0">
  <testcase classname="testScripts.LocatorTest" name="loginTest" time="25.956"/>
  <system-out/>
</testsuite> <!-- testScripts.LocatorTest -->
