<?xml version="1.0" encoding="UTF-8"?>
<!-- Generated by org.testng.reporters.JUnitReportReporter -->
<testsuite hostname="user25" failures="0" tests="1" name="testScripts.LocatorTest" time="10.342" errors="0" timestamp="2024-10-29T12:35:20 IST" skipped="0">
  <testcase classname="testScripts.LocatorTest" name="loginTest" time="10.342"/>
  <system-out/>
</testsuite> <!-- testScripts.LocatorTest -->
