<?xml version="1.0" encoding="UTF-8"?>
<!-- Generated by org.testng.reporters.JUnitReportReporter -->
<testsuite hostname="user25" failures="0" tests="1" name="testScripts.RemoteWebDriverTest" time="8.944" errors="0" timestamp="2024-11-12T10:59:40 IST" skipped="0">
  <testcase classname="testScripts.RemoteWebDriverTest" name="test" time="8.944"/>
  <system-out/>
</testsuite> <!-- testScripts.RemoteWebDriverTest -->
