<?xml version="1.0" encoding="UTF-8"?>
<!-- Generated by org.testng.reporters.JUnitReportReporter -->
<testsuite hostname="user25" failures="0" tests="1" name="testScripts.DragAndDrop" time="7.558" errors="0" timestamp="2024-11-06T09:58:31 IST" skipped="0">
  <testcase classname="testScripts.DragAndDrop" name="dragAndDrop" time="7.558"/>
  <system-out/>
</testsuite> <!-- testScripts.DragAndDrop -->
