<?xml version="1.0" encoding="UTF-8"?>
<!-- Generated by org.testng.reporters.JUnitReportReporter -->
<testsuite hostname="user25" failures="0" tests="4" name="parallelScripts.SampleOneTest" time="0.006" errors="0" timestamp="2024-11-08T12:44:29 IST" skipped="0">
  <testcase classname="parallelScripts.SampleOneTest" name="testOne" time="0.003"/>
  <system-out/>
  <testcase classname="parallelScripts.SampleOneTest" name="testTwo" time="0.001"/>
  <system-out/>
  <testcase classname="parallelScripts.SampleOneTest" name="testFour" time="0.001"/>
  <system-out/>
  <testcase classname="parallelScripts.SampleOneTest" name="testThree" time="0.001"/>
  <system-out/>
</testsuite> <!-- parallelScripts.SampleOneTest -->
