<?xml version="1.0" encoding="UTF-8"?>
<!-- Generated by org.testng.reporters.JUnitReportReporter -->
<testsuite hostname="user25" failures="0" tests="5" name="parallelScripts.SampleTwoTest" time="27.381" errors="0" timestamp="2024-11-08T12:44:29 IST" skipped="0">
  <testcase classname="parallelScripts.SampleTwoTest" name="testFour" time="5.696"/>
  <system-out/>
  <testcase classname="parallelScripts.SampleTwoTest" name="testFour" time="6.051"/>
  <system-out/>
  <testcase classname="parallelScripts.SampleTwoTest" name="testThree" time="8.183"/>
  <system-out/>
  <testcase classname="parallelScripts.SampleTwoTest" name="testTwo" time="3.600"/>
  <system-out/>
  <testcase classname="parallelScripts.SampleTwoTest" name="testOne" time="3.851"/>
  <system-out/>
</testsuite> <!-- parallelScripts.SampleTwoTest -->
