<?xml version="1.0" encoding="UTF-8"?>
<!-- Generated by org.testng.reporters.JUnitReportReporter -->
<testsuite hostname="user25" failures="0" tests="4" name="parallelScripts.SampleThreeTest" time="0.019" errors="0" timestamp="2024-11-07T13:29:38 IST" skipped="0">
  <testcase classname="parallelScripts.SampleThreeTest" name="testTwo" time="0.004"/>
  <system-out/>
  <testcase classname="parallelScripts.SampleThreeTest" name="testFour" time="0.003"/>
  <system-out/>
  <testcase classname="parallelScripts.SampleThreeTest" name="testThree" time="0.004"/>
  <system-out/>
  <testcase classname="parallelScripts.SampleThreeTest" name="testOne" time="0.008"/>
  <system-out/>
</testsuite> <!-- parallelScripts.SampleThreeTest -->
